!SESSION 2025-02-23 21:25:26.276 -----------------------------------------------
eclipse.buildId=unknown
java.version=21.0.5
java.vendor=Eclipse Adoptium
BootLoader constants: OS=win32, ARCH=x86_64, WS=win32, NL=en_US
Command-line arguments:  -dev file:C:/Users/Asiri Jayawardena/Desktop/Hospital Management System/.metadata/.plugins/org.eclipse.pde.core/OSGi Framework/dev.properties -os win32 -ws win32 -arch x86_64 -consoleLog -console

!ENTRY HopitalCoreDatabase 4 0 2025-02-23 21:26:30.986
!MESSAGE FrameworkEvent ERROR
!STACK 0
org.osgi.framework.BundleException: Could not resolve module: HopitalCoreDatabase [2]
  Unresolved requirement: Import-Package: com.mysql.cj.jdbc

	at org.eclipse.osgi.container.Module.start(Module.java:493)
	at org.eclipse.osgi.container.ModuleContainer$ContainerStartLevel$2.run(ModuleContainer.java:2102)
	at org.eclipse.osgi.internal.framework.EquinoxContainerAdaptor$1$1.execute(EquinoxContainerAdaptor.java:143)
	at org.eclipse.osgi.container.ModuleContainer$ContainerStartLevel.incStartLevel(ModuleContainer.java:2093)
	at org.eclipse.osgi.container.ModuleContainer$ContainerStartLevel.incStartLevel(ModuleContainer.java:2035)
	at org.eclipse.osgi.container.ModuleContainer$ContainerStartLevel.doContainerStartLevel(ModuleContainer.java:1996)
	at org.eclipse.osgi.container.ModuleContainer$ContainerStartLevel.dispatchEvent(ModuleContainer.java:1912)
	at org.eclipse.osgi.container.ModuleContainer$ContainerStartLevel.dispatchEvent(ModuleContainer.java:1)
	at org.eclipse.osgi.framework.eventmgr.EventManager.dispatchEvent(EventManager.java:230)
	at org.eclipse.osgi.framework.eventmgr.EventManager$EventThread.run(EventManager.java:341)

!ENTRY PatientServiceConsumer 4 0 2025-02-23 21:26:30.993
!MESSAGE FrameworkEvent ERROR
!STACK 0
org.osgi.framework.BundleException: Could not resolve module: PatientServiceConsumer [3]
  Unresolved requirement: Import-Package: com.vitalServicePublisher
    -> Export-Package: com.vitalServicePublisher; bundle-symbolic-name="VitalsServicePublisher"; bundle-version="1.0.0.qualifier"; version="0.0.0"
       VitalsServicePublisher [5]
         Unresolved requirement: Import-Package: com.hospital.core.database
           -> Export-Package: com.hospital.core.database; bundle-symbolic-name="HopitalCoreDatabase"; bundle-version="1.0.0.qualifier"; version="0.0.0"
              HopitalCoreDatabase [2]
                Unresolved requirement: Import-Package: com.mysql.cj.jdbc
  Unresolved requirement: Import-Package: com.patientPublisherService
    -> Export-Package: com.patientPublisherService; bundle-symbolic-name="PatientServicePublisher"; bundle-version="1.0.0.qualifier"; version="0.0.0"
       PatientServicePublisher [4]
         Unresolved requirement: Import-Package: com.hospital.core.database
           -> Export-Package: com.hospital.core.database; bundle-symbolic-name="HopitalCoreDatabase"; bundle-version="1.0.0.qualifier"; version="0.0.0"

	at org.eclipse.osgi.container.Module.start(Module.java:493)
	at org.eclipse.osgi.container.ModuleContainer$ContainerStartLevel$2.run(ModuleContainer.java:2102)
	at org.eclipse.osgi.internal.framework.EquinoxContainerAdaptor$1$1.execute(EquinoxContainerAdaptor.java:143)
	at org.eclipse.osgi.container.ModuleContainer$ContainerStartLevel.incStartLevel(ModuleContainer.java:2093)
	at org.eclipse.osgi.container.ModuleContainer$ContainerStartLevel.incStartLevel(ModuleContainer.java:2035)
	at org.eclipse.osgi.container.ModuleContainer$ContainerStartLevel.doContainerStartLevel(ModuleContainer.java:1996)
	at org.eclipse.osgi.container.ModuleContainer$ContainerStartLevel.dispatchEvent(ModuleContainer.java:1912)
	at org.eclipse.osgi.container.ModuleContainer$ContainerStartLevel.dispatchEvent(ModuleContainer.java:1)
	at org.eclipse.osgi.framework.eventmgr.EventManager.dispatchEvent(EventManager.java:230)
	at org.eclipse.osgi.framework.eventmgr.EventManager$EventThread.run(EventManager.java:341)

!ENTRY PatientServicePublisher 4 0 2025-02-23 21:26:30.994
!MESSAGE FrameworkEvent ERROR
!STACK 0
org.osgi.framework.BundleException: Could not resolve module: PatientServicePublisher [4]
  Unresolved requirement: Import-Package: com.hospital.core.database
    -> Export-Package: com.hospital.core.database; bundle-symbolic-name="HopitalCoreDatabase"; bundle-version="1.0.0.qualifier"; version="0.0.0"
       HopitalCoreDatabase [2]
         Unresolved requirement: Import-Package: com.mysql.cj.jdbc

	at org.eclipse.osgi.container.Module.start(Module.java:493)
	at org.eclipse.osgi.container.ModuleContainer$ContainerStartLevel$2.run(ModuleContainer.java:2102)
	at org.eclipse.osgi.internal.framework.EquinoxContainerAdaptor$1$1.execute(EquinoxContainerAdaptor.java:143)
	at org.eclipse.osgi.container.ModuleContainer$ContainerStartLevel.incStartLevel(ModuleContainer.java:2093)
	at org.eclipse.osgi.container.ModuleContainer$ContainerStartLevel.incStartLevel(ModuleContainer.java:2035)
	at org.eclipse.osgi.container.ModuleContainer$ContainerStartLevel.doContainerStartLevel(ModuleContainer.java:1996)
	at org.eclipse.osgi.container.ModuleContainer$ContainerStartLevel.dispatchEvent(ModuleContainer.java:1912)
	at org.eclipse.osgi.container.ModuleContainer$ContainerStartLevel.dispatchEvent(ModuleContainer.java:1)
	at org.eclipse.osgi.framework.eventmgr.EventManager.dispatchEvent(EventManager.java:230)
	at org.eclipse.osgi.framework.eventmgr.EventManager$EventThread.run(EventManager.java:341)

!ENTRY VitalsServicePublisher 4 0 2025-02-23 21:26:30.996
!MESSAGE FrameworkEvent ERROR
!STACK 0
org.osgi.framework.BundleException: Could not resolve module: VitalsServicePublisher [5]
  Unresolved requirement: Import-Package: com.hospital.core.database
    -> Export-Package: com.hospital.core.database; bundle-symbolic-name="HopitalCoreDatabase"; bundle-version="1.0.0.qualifier"; version="0.0.0"
       HopitalCoreDatabase [2]
         Unresolved requirement: Import-Package: com.mysql.cj.jdbc

	at org.eclipse.osgi.container.Module.start(Module.java:493)
	at org.eclipse.osgi.container.ModuleContainer$ContainerStartLevel$2.run(ModuleContainer.java:2102)
	at org.eclipse.osgi.internal.framework.EquinoxContainerAdaptor$1$1.execute(EquinoxContainerAdaptor.java:143)
	at org.eclipse.osgi.container.ModuleContainer$ContainerStartLevel.incStartLevel(ModuleContainer.java:2093)
	at org.eclipse.osgi.container.ModuleContainer$ContainerStartLevel.incStartLevel(ModuleContainer.java:2035)
	at org.eclipse.osgi.container.ModuleContainer$ContainerStartLevel.doContainerStartLevel(ModuleContainer.java:1996)
	at org.eclipse.osgi.container.ModuleContainer$ContainerStartLevel.dispatchEvent(ModuleContainer.java:1912)
	at org.eclipse.osgi.container.ModuleContainer$ContainerStartLevel.dispatchEvent(ModuleContainer.java:1)
	at org.eclipse.osgi.framework.eventmgr.EventManager.dispatchEvent(EventManager.java:230)
	at org.eclipse.osgi.framework.eventmgr.EventManager$EventThread.run(EventManager.java:341)
