!SESSION 2025-03-15 22:19:23.694 -----------------------------------------------
eclipse.buildId=unknown
java.version=21.0.5
java.vendor=Eclipse Adoptium
BootLoader constants: OS=win32, ARCH=x86_64, WS=win32, NL=en_US
Command-line arguments:  -dev file:C:/Users/Asiri Jayawardena/Desktop/Hospital Management System/.metadata/.plugins/org.eclipse.pde.core/OSGi Framework/dev.properties -os win32 -ws win32 -arch x86_64 -consoleLog -console

!ENTRY AppointmentServiceConsumer 4 0 2025-03-15 22:19:27.034
!MESSAGE FrameworkEvent ERROR
!STACK 0
org.osgi.framework.BundleException: Could not resolve module: AppointmentServiceConsumer [2]
  Unresolved requirement: Import-Package: com.appointmentServicePublisher
    -> Export-Package: com.appointmentServicePublisher; bundle-symbolic-name="AppointmentServicePublisher"; bundle-version="1.0.0.qualifier"; version="0.0.0"
       AppointmentServicePublisher [3]
         Unresolved requirement: Import-Package: com.hospital.core.database
           -> Export-Package: com.hospital.core.database; bundle-symbolic-name="HopitalCoreDatabase"; bundle-version="1.0.0.qualifier"; version="0.0.0"
              HopitalCoreDatabase [7]
                Unresolved requirement: Import-Package: com.mysql.cj.jdbc

	at org.eclipse.osgi.container.Module.start(Module.java:493)
	at org.eclipse.osgi.container.ModuleContainer$ContainerStartLevel$2.run(ModuleContainer.java:2102)
	at org.eclipse.osgi.internal.framework.EquinoxContainerAdaptor$1$1.execute(EquinoxContainerAdaptor.java:143)
	at org.eclipse.osgi.container.ModuleContainer$ContainerStartLevel.incStartLevel(ModuleContainer.java:2093)
	at org.eclipse.osgi.container.ModuleContainer$ContainerStartLevel.incStartLevel(ModuleContainer.java:2035)
	at org.eclipse.osgi.container.ModuleContainer$ContainerStartLevel.doContainerStartLevel(ModuleContainer.java:1996)
	at org.eclipse.osgi.container.ModuleContainer$ContainerStartLevel.dispatchEvent(ModuleContainer.java:1912)
	at org.eclipse.osgi.container.ModuleContainer$ContainerStartLevel.dispatchEvent(ModuleContainer.java:1)
	at org.eclipse.osgi.framework.eventmgr.EventManager.dispatchEvent(EventManager.java:230)
	at org.eclipse.osgi.framework.eventmgr.EventManager$EventThread.run(EventManager.java:341)

!ENTRY AppointmentServicePublisher 4 0 2025-03-15 22:19:27.057
!MESSAGE FrameworkEvent ERROR
!STACK 0
org.osgi.framework.BundleException: Could not resolve module: AppointmentServicePublisher [3]
  Unresolved requirement: Import-Package: com.hospital.core.database
    -> Export-Package: com.hospital.core.database; bundle-symbolic-name="HopitalCoreDatabase"; bundle-version="1.0.0.qualifier"; version="0.0.0"
       HopitalCoreDatabase [7]
         Unresolved requirement: Import-Package: com.mysql.cj.jdbc

	at org.eclipse.osgi.container.Module.start(Module.java:493)
	at org.eclipse.osgi.container.ModuleContainer$ContainerStartLevel$2.run(ModuleContainer.java:2102)
	at org.eclipse.osgi.internal.framework.EquinoxContainerAdaptor$1$1.execute(EquinoxContainerAdaptor.java:143)
	at org.eclipse.osgi.container.ModuleContainer$ContainerStartLevel.incStartLevel(ModuleContainer.java:2093)
	at org.eclipse.osgi.container.ModuleContainer$ContainerStartLevel.incStartLevel(ModuleContainer.java:2035)
	at org.eclipse.osgi.container.ModuleContainer$ContainerStartLevel.doContainerStartLevel(ModuleContainer.java:1996)
	at org.eclipse.osgi.container.ModuleContainer$ContainerStartLevel.dispatchEvent(ModuleContainer.java:1912)
	at org.eclipse.osgi.container.ModuleContainer$ContainerStartLevel.dispatchEvent(ModuleContainer.java:1)
	at org.eclipse.osgi.framework.eventmgr.EventManager.dispatchEvent(EventManager.java:230)
	at org.eclipse.osgi.framework.eventmgr.EventManager$EventThread.run(EventManager.java:341)

!ENTRY DepartmentServiceConsumer 4 0 2025-03-15 22:19:27.058
!MESSAGE FrameworkEvent ERROR
!STACK 0
org.osgi.framework.BundleException: Could not resolve module: DepartmentServiceConsumer [4]
  Unresolved requirement: Import-Package: departmentservicepublisher
    -> Export-Package: departmentservicepublisher; bundle-symbolic-name="DepartmentServicePublisher"; bundle-version="1.0.0.qualifier"; version="0.0.0"
       DepartmentServicePublisher [5]
         Unresolved requirement: Import-Package: com.hospital.core.database
           -> Export-Package: com.hospital.core.database; bundle-symbolic-name="HopitalCoreDatabase"; bundle-version="1.0.0.qualifier"; version="0.0.0"
              HopitalCoreDatabase [7]
                Unresolved requirement: Import-Package: com.mysql.cj.jdbc
         Unresolved requirement: Import-Package: staffservicepublisher
           -> Export-Package: staffservicepublisher; bundle-symbolic-name="StaffServicePublisher"; bundle-version="1.0.0.qualifier"; version="0.0.0"
              StaffServicePublisher [13]
                Unresolved requirement: Import-Package: com.hospital.core.database
                  -> Export-Package: com.hospital.core.database; bundle-symbolic-name="HopitalCoreDatabase"; bundle-version="1.0.0.qualifier"; version="0.0.0"
  Unresolved requirement: Import-Package: staffservicepublisher
    -> Export-Package: staffservicepublisher; bundle-symbolic-name="StaffServicePublisher"; bundle-version="1.0.0.qualifier"; version="0.0.0"

	at org.eclipse.osgi.container.Module.start(Module.java:493)
	at org.eclipse.osgi.container.ModuleContainer$ContainerStartLevel$2.run(ModuleContainer.java:2102)
	at org.eclipse.osgi.internal.framework.EquinoxContainerAdaptor$1$1.execute(EquinoxContainerAdaptor.java:143)
	at org.eclipse.osgi.container.ModuleContainer$ContainerStartLevel.incStartLevel(ModuleContainer.java:2093)
	at org.eclipse.osgi.container.ModuleContainer$ContainerStartLevel.incStartLevel(ModuleContainer.java:2035)
	at org.eclipse.osgi.container.ModuleContainer$ContainerStartLevel.doContainerStartLevel(ModuleContainer.java:1996)
	at org.eclipse.osgi.container.ModuleContainer$ContainerStartLevel.dispatchEvent(ModuleContainer.java:1912)
	at org.eclipse.osgi.container.ModuleContainer$ContainerStartLevel.dispatchEvent(ModuleContainer.java:1)
	at org.eclipse.osgi.framework.eventmgr.EventManager.dispatchEvent(EventManager.java:230)
	at org.eclipse.osgi.framework.eventmgr.EventManager$EventThread.run(EventManager.java:341)

!ENTRY DepartmentServicePublisher 4 0 2025-03-15 22:19:27.060
!MESSAGE FrameworkEvent ERROR
!STACK 0
org.osgi.framework.BundleException: Could not resolve module: DepartmentServicePublisher [5]
  Unresolved requirement: Import-Package: com.hospital.core.database
    -> Export-Package: com.hospital.core.database; bundle-symbolic-name="HopitalCoreDatabase"; bundle-version="1.0.0.qualifier"; version="0.0.0"
       HopitalCoreDatabase [7]
         Unresolved requirement: Import-Package: com.mysql.cj.jdbc
  Unresolved requirement: Import-Package: staffservicepublisher
    -> Export-Package: staffservicepublisher; bundle-symbolic-name="StaffServicePublisher"; bundle-version="1.0.0.qualifier"; version="0.0.0"
       StaffServicePublisher [13]
         Unresolved requirement: Import-Package: com.hospital.core.database
           -> Export-Package: com.hospital.core.database; bundle-symbolic-name="HopitalCoreDatabase"; bundle-version="1.0.0.qualifier"; version="0.0.0"

	at org.eclipse.osgi.container.Module.start(Module.java:493)
	at org.eclipse.osgi.container.ModuleContainer$ContainerStartLevel$2.run(ModuleContainer.java:2102)
	at org.eclipse.osgi.internal.framework.EquinoxContainerAdaptor$1$1.execute(EquinoxContainerAdaptor.java:143)
	at org.eclipse.osgi.container.ModuleContainer$ContainerStartLevel.incStartLevel(ModuleContainer.java:2093)
	at org.eclipse.osgi.container.ModuleContainer$ContainerStartLevel.incStartLevel(ModuleContainer.java:2035)
	at org.eclipse.osgi.container.ModuleContainer$ContainerStartLevel.doContainerStartLevel(ModuleContainer.java:1996)
	at org.eclipse.osgi.container.ModuleContainer$ContainerStartLevel.dispatchEvent(ModuleContainer.java:1912)
	at org.eclipse.osgi.container.ModuleContainer$ContainerStartLevel.dispatchEvent(ModuleContainer.java:1)
	at org.eclipse.osgi.framework.eventmgr.EventManager.dispatchEvent(EventManager.java:230)
	at org.eclipse.osgi.framework.eventmgr.EventManager$EventThread.run(EventManager.java:341)

!ENTRY DiagnosisServicePublisher 4 0 2025-03-15 22:19:27.061
!MESSAGE FrameworkEvent ERROR
!STACK 0
org.osgi.framework.BundleException: Could not resolve module: DiagnosisServicePublisher [6]
  Unresolved requirement: Import-Package: com.hospital.core.database
    -> Export-Package: com.hospital.core.database; bundle-symbolic-name="HopitalCoreDatabase"; bundle-version="1.0.0.qualifier"; version="0.0.0"
       HopitalCoreDatabase [7]
         Unresolved requirement: Import-Package: com.mysql.cj.jdbc

	at org.eclipse.osgi.container.Module.start(Module.java:493)
	at org.eclipse.osgi.container.ModuleContainer$ContainerStartLevel$2.run(ModuleContainer.java:2102)
	at org.eclipse.osgi.internal.framework.EquinoxContainerAdaptor$1$1.execute(EquinoxContainerAdaptor.java:143)
	at org.eclipse.osgi.container.ModuleContainer$ContainerStartLevel.incStartLevel(ModuleContainer.java:2093)
	at org.eclipse.osgi.container.ModuleContainer$ContainerStartLevel.incStartLevel(ModuleContainer.java:2035)
	at org.eclipse.osgi.container.ModuleContainer$ContainerStartLevel.doContainerStartLevel(ModuleContainer.java:1996)
	at org.eclipse.osgi.container.ModuleContainer$ContainerStartLevel.dispatchEvent(ModuleContainer.java:1912)
	at org.eclipse.osgi.container.ModuleContainer$ContainerStartLevel.dispatchEvent(ModuleContainer.java:1)
	at org.eclipse.osgi.framework.eventmgr.EventManager.dispatchEvent(EventManager.java:230)
	at org.eclipse.osgi.framework.eventmgr.EventManager$EventThread.run(EventManager.java:341)

!ENTRY HopitalCoreDatabase 4 0 2025-03-15 22:19:27.062
!MESSAGE FrameworkEvent ERROR
!STACK 0
org.osgi.framework.BundleException: Could not resolve module: HopitalCoreDatabase [7]
  Unresolved requirement: Import-Package: com.mysql.cj.jdbc

	at org.eclipse.osgi.container.Module.start(Module.java:493)
	at org.eclipse.osgi.container.ModuleContainer$ContainerStartLevel$2.run(ModuleContainer.java:2102)
	at org.eclipse.osgi.internal.framework.EquinoxContainerAdaptor$1$1.execute(EquinoxContainerAdaptor.java:143)
	at org.eclipse.osgi.container.ModuleContainer$ContainerStartLevel.incStartLevel(ModuleContainer.java:2093)
	at org.eclipse.osgi.container.ModuleContainer$ContainerStartLevel.incStartLevel(ModuleContainer.java:2035)
	at org.eclipse.osgi.container.ModuleContainer$ContainerStartLevel.doContainerStartLevel(ModuleContainer.java:1996)
	at org.eclipse.osgi.container.ModuleContainer$ContainerStartLevel.dispatchEvent(ModuleContainer.java:1912)
	at org.eclipse.osgi.container.ModuleContainer$ContainerStartLevel.dispatchEvent(ModuleContainer.java:1)
	at org.eclipse.osgi.framework.eventmgr.EventManager.dispatchEvent(EventManager.java:230)
	at org.eclipse.osgi.framework.eventmgr.EventManager$EventThread.run(EventManager.java:341)

!ENTRY InventoryServiceConsumer 4 0 2025-03-15 22:19:27.067
!MESSAGE FrameworkEvent ERROR
!STACK 0
org.osgi.framework.BundleException: Could not resolve module: InventoryServiceConsumer [8]
  Unresolved requirement: Import-Package: stockservicepublisher
    -> Export-Package: stockservicepublisher; bundle-symbolic-name="StockServicePublisher"; bundle-version="1.0.0.qualifier"; version="0.0.0"
       StockServicePublisher [14]
         Unresolved requirement: Import-Package: staffservicepublisher
           -> Export-Package: staffservicepublisher; bundle-symbolic-name="StaffServicePublisher"; bundle-version="1.0.0.qualifier"; version="0.0.0"
              StaffServicePublisher [13]
                Unresolved requirement: Import-Package: com.hospital.core.database
                  -> Export-Package: com.hospital.core.database; bundle-symbolic-name="HopitalCoreDatabase"; bundle-version="1.0.0.qualifier"; version="0.0.0"
                     HopitalCoreDatabase [7]
                       Unresolved requirement: Import-Package: com.mysql.cj.jdbc
         Unresolved requirement: Import-Package: com.hospital.core.database
           -> Export-Package: com.hospital.core.database; bundle-symbolic-name="HopitalCoreDatabase"; bundle-version="1.0.0.qualifier"; version="0.0.0"
         Unresolved requirement: Import-Package: com.patientPublisherService
           -> Export-Package: com.patientPublisherService; bundle-symbolic-name="PatientServicePublisher"; bundle-version="1.0.0.qualifier"; version="0.0.0"
              PatientServicePublisher [10]
                Unresolved requirement: Import-Package: com.hospital.core.database
                  -> Export-Package: com.hospital.core.database; bundle-symbolic-name="HopitalCoreDatabase"; bundle-version="1.0.0.qualifier"; version="0.0.0"
  Unresolved requirement: Import-Package: supplierservicepublisher
    -> Export-Package: supplierservicepublisher; bundle-symbolic-name="SupplierServicePublisher"; bundle-version="1.0.0.qualifier"; version="0.0.0"
       SupplierServicePublisher [18]
         Unresolved requirement: Import-Package: com.hospital.core.database
           -> Export-Package: com.hospital.core.database; bundle-symbolic-name="HopitalCoreDatabase"; bundle-version="1.0.0.qualifier"; version="0.0.0"
  Unresolved requirement: Import-Package: stockshareservicepublisher
    -> Export-Package: stockshareservicepublisher; bundle-symbolic-name="StockShareServicePublisher"; bundle-version="1.0.0.qualifier"; version="0.0.0"
       StockShareServicePublisher [16]
         Unresolved requirement: Import-Package: com.hospital.core.database
           -> Export-Package: com.hospital.core.database; bundle-symbolic-name="HopitalCoreDatabase"; bundle-version="1.0.0.qualifier"; version="0.0.0"

	at org.eclipse.osgi.container.Module.start(Module.java:493)
	at org.eclipse.osgi.container.ModuleContainer$ContainerStartLevel$2.run(ModuleContainer.java:2102)
	at org.eclipse.osgi.internal.framework.EquinoxContainerAdaptor$1$1.execute(EquinoxContainerAdaptor.java:143)
	at org.eclipse.osgi.container.ModuleContainer$ContainerStartLevel.incStartLevel(ModuleContainer.java:2093)
	at org.eclipse.osgi.container.ModuleContainer$ContainerStartLevel.incStartLevel(ModuleContainer.java:2035)
	at org.eclipse.osgi.container.ModuleContainer$ContainerStartLevel.doContainerStartLevel(ModuleContainer.java:1996)
	at org.eclipse.osgi.container.ModuleContainer$ContainerStartLevel.dispatchEvent(ModuleContainer.java:1912)
	at org.eclipse.osgi.container.ModuleContainer$ContainerStartLevel.dispatchEvent(ModuleContainer.java:1)
	at org.eclipse.osgi.framework.eventmgr.EventManager.dispatchEvent(EventManager.java:230)
	at org.eclipse.osgi.framework.eventmgr.EventManager$EventThread.run(EventManager.java:341)

!ENTRY PatientServiceConsumer 4 0 2025-03-15 22:19:27.079
!MESSAGE FrameworkEvent ERROR
!STACK 0
org.osgi.framework.BundleException: Could not resolve module: PatientServiceConsumer [9]
  Unresolved requirement: Import-Package: com.vitalServicePublisher
    -> Export-Package: com.vitalServicePublisher; bundle-symbolic-name="VitalsServicePublisher"; bundle-version="1.0.0.qualifier"; version="0.0.0"
       VitalsServicePublisher [19]
         Unresolved requirement: Import-Package: com.hospital.core.database
           -> Export-Package: com.hospital.core.database; bundle-symbolic-name="HopitalCoreDatabase"; bundle-version="1.0.0.qualifier"; version="0.0.0"
              HopitalCoreDatabase [7]
                Unresolved requirement: Import-Package: com.mysql.cj.jdbc
  Unresolved requirement: Import-Package: com.patientPublisherService
    -> Export-Package: com.patientPublisherService; bundle-symbolic-name="PatientServicePublisher"; bundle-version="1.0.0.qualifier"; version="0.0.0"
       PatientServicePublisher [10]
         Unresolved requirement: Import-Package: com.hospital.core.database
           -> Export-Package: com.hospital.core.database; bundle-symbolic-name="HopitalCoreDatabase"; bundle-version="1.0.0.qualifier"; version="0.0.0"
  Unresolved requirement: Import-Package: com.diagnosisServicePublisher
    -> Export-Package: com.diagnosisServicePublisher; bundle-symbolic-name="DiagnosisServicePublisher"; bundle-version="1.0.0.qualifier"; version="0.0.0"
       DiagnosisServicePublisher [6]
         Unresolved requirement: Import-Package: com.hospital.core.database
           -> Export-Package: com.hospital.core.database; bundle-symbolic-name="HopitalCoreDatabase"; bundle-version="1.0.0.qualifier"; version="0.0.0"

	at org.eclipse.osgi.container.Module.start(Module.java:493)
	at org.eclipse.osgi.container.ModuleContainer$ContainerStartLevel$2.run(ModuleContainer.java:2102)
	at org.eclipse.osgi.internal.framework.EquinoxContainerAdaptor$1$1.execute(EquinoxContainerAdaptor.java:143)
	at org.eclipse.osgi.container.ModuleContainer$ContainerStartLevel.incStartLevel(ModuleContainer.java:2093)
	at org.eclipse.osgi.container.ModuleContainer$ContainerStartLevel.incStartLevel(ModuleContainer.java:2035)
	at org.eclipse.osgi.container.ModuleContainer$ContainerStartLevel.doContainerStartLevel(ModuleContainer.java:1996)
	at org.eclipse.osgi.container.ModuleContainer$ContainerStartLevel.dispatchEvent(ModuleContainer.java:1912)
	at org.eclipse.osgi.container.ModuleContainer$ContainerStartLevel.dispatchEvent(ModuleContainer.java:1)
	at org.eclipse.osgi.framework.eventmgr.EventManager.dispatchEvent(EventManager.java:230)
	at org.eclipse.osgi.framework.eventmgr.EventManager$EventThread.run(EventManager.java:341)

!ENTRY PatientServicePublisher 4 0 2025-03-15 22:19:27.081
!MESSAGE FrameworkEvent ERROR
!STACK 0
org.osgi.framework.BundleException: Could not resolve module: PatientServicePublisher [10]
  Unresolved requirement: Import-Package: com.hospital.core.database
    -> Export-Package: com.hospital.core.database; bundle-symbolic-name="HopitalCoreDatabase"; bundle-version="1.0.0.qualifier"; version="0.0.0"
       HopitalCoreDatabase [7]
         Unresolved requirement: Import-Package: com.mysql.cj.jdbc

	at org.eclipse.osgi.container.Module.start(Module.java:493)
	at org.eclipse.osgi.container.ModuleContainer$ContainerStartLevel$2.run(ModuleContainer.java:2102)
	at org.eclipse.osgi.internal.framework.EquinoxContainerAdaptor$1$1.execute(EquinoxContainerAdaptor.java:143)
	at org.eclipse.osgi.container.ModuleContainer$ContainerStartLevel.incStartLevel(ModuleContainer.java:2093)
	at org.eclipse.osgi.container.ModuleContainer$ContainerStartLevel.incStartLevel(ModuleContainer.java:2035)
	at org.eclipse.osgi.container.ModuleContainer$ContainerStartLevel.doContainerStartLevel(ModuleContainer.java:1996)
	at org.eclipse.osgi.container.ModuleContainer$ContainerStartLevel.dispatchEvent(ModuleContainer.java:1912)
	at org.eclipse.osgi.container.ModuleContainer$ContainerStartLevel.dispatchEvent(ModuleContainer.java:1)
	at org.eclipse.osgi.framework.eventmgr.EventManager.dispatchEvent(EventManager.java:230)
	at org.eclipse.osgi.framework.eventmgr.EventManager$EventThread.run(EventManager.java:341)

!ENTRY PrescriptionServicePublisher 4 0 2025-03-15 22:19:27.083
!MESSAGE FrameworkEvent ERROR
!STACK 0
org.osgi.framework.BundleException: Could not resolve module: PrescriptionServicePublisher [11]
  Unresolved requirement: Import-Package: com.hospital.core.database
    -> Export-Package: com.hospital.core.database; bundle-symbolic-name="HopitalCoreDatabase"; bundle-version="1.0.0.qualifier"; version="0.0.0"
       HopitalCoreDatabase [7]
         Unresolved requirement: Import-Package: com.mysql.cj.jdbc

	at org.eclipse.osgi.container.Module.start(Module.java:493)
	at org.eclipse.osgi.container.ModuleContainer$ContainerStartLevel$2.run(ModuleContainer.java:2102)
	at org.eclipse.osgi.internal.framework.EquinoxContainerAdaptor$1$1.execute(EquinoxContainerAdaptor.java:143)
	at org.eclipse.osgi.container.ModuleContainer$ContainerStartLevel.incStartLevel(ModuleContainer.java:2093)
	at org.eclipse.osgi.container.ModuleContainer$ContainerStartLevel.incStartLevel(ModuleContainer.java:2035)
	at org.eclipse.osgi.container.ModuleContainer$ContainerStartLevel.doContainerStartLevel(ModuleContainer.java:1996)
	at org.eclipse.osgi.container.ModuleContainer$ContainerStartLevel.dispatchEvent(ModuleContainer.java:1912)
	at org.eclipse.osgi.container.ModuleContainer$ContainerStartLevel.dispatchEvent(ModuleContainer.java:1)
	at org.eclipse.osgi.framework.eventmgr.EventManager.dispatchEvent(EventManager.java:230)
	at org.eclipse.osgi.framework.eventmgr.EventManager$EventThread.run(EventManager.java:341)

!ENTRY StaffServiceConsumer 4 0 2025-03-15 22:19:27.086
!MESSAGE FrameworkEvent ERROR
!STACK 0
org.osgi.framework.BundleException: Could not resolve module: StaffServiceConsumer [12]
  Unresolved requirement: Import-Package: staffservicepublisher
    -> Export-Package: staffservicepublisher; bundle-symbolic-name="StaffServicePublisher"; bundle-version="1.0.0.qualifier"; version="0.0.0"
       StaffServicePublisher [13]
         Unresolved requirement: Import-Package: com.hospital.core.database
           -> Export-Package: com.hospital.core.database; bundle-symbolic-name="HopitalCoreDatabase"; bundle-version="1.0.0.qualifier"; version="0.0.0"
              HopitalCoreDatabase [7]
                Unresolved requirement: Import-Package: com.mysql.cj.jdbc
  Unresolved requirement: Import-Package: departmentservicepublisher
    -> Export-Package: departmentservicepublisher; bundle-symbolic-name="DepartmentServicePublisher"; bundle-version="1.0.0.qualifier"; version="0.0.0"
       DepartmentServicePublisher [5]
         Unresolved requirement: Import-Package: com.hospital.core.database
           -> Export-Package: com.hospital.core.database; bundle-symbolic-name="HopitalCoreDatabase"; bundle-version="1.0.0.qualifier"; version="0.0.0"
         Unresolved requirement: Import-Package: staffservicepublisher
           -> Export-Package: staffservicepublisher; bundle-symbolic-name="StaffServicePublisher"; bundle-version="1.0.0.qualifier"; version="0.0.0"

	at org.eclipse.osgi.container.Module.start(Module.java:493)
	at org.eclipse.osgi.container.ModuleContainer$ContainerStartLevel$2.run(ModuleContainer.java:2102)
	at org.eclipse.osgi.internal.framework.EquinoxContainerAdaptor$1$1.execute(EquinoxContainerAdaptor.java:143)
	at org.eclipse.osgi.container.ModuleContainer$ContainerStartLevel.incStartLevel(ModuleContainer.java:2093)
	at org.eclipse.osgi.container.ModuleContainer$ContainerStartLevel.incStartLevel(ModuleContainer.java:2035)
	at org.eclipse.osgi.container.ModuleContainer$ContainerStartLevel.doContainerStartLevel(ModuleContainer.java:1996)
	at org.eclipse.osgi.container.ModuleContainer$ContainerStartLevel.dispatchEvent(ModuleContainer.java:1912)
	at org.eclipse.osgi.container.ModuleContainer$ContainerStartLevel.dispatchEvent(ModuleContainer.java:1)
	at org.eclipse.osgi.framework.eventmgr.EventManager.dispatchEvent(EventManager.java:230)
	at org.eclipse.osgi.framework.eventmgr.EventManager$EventThread.run(EventManager.java:341)

!ENTRY StaffServicePublisher 4 0 2025-03-15 22:19:27.087
!MESSAGE FrameworkEvent ERROR
!STACK 0
org.osgi.framework.BundleException: Could not resolve module: StaffServicePublisher [13]
  Unresolved requirement: Import-Package: com.hospital.core.database
    -> Export-Package: com.hospital.core.database; bundle-symbolic-name="HopitalCoreDatabase"; bundle-version="1.0.0.qualifier"; version="0.0.0"
       HopitalCoreDatabase [7]
         Unresolved requirement: Import-Package: com.mysql.cj.jdbc

	at org.eclipse.osgi.container.Module.start(Module.java:493)
	at org.eclipse.osgi.container.ModuleContainer$ContainerStartLevel$2.run(ModuleContainer.java:2102)
	at org.eclipse.osgi.internal.framework.EquinoxContainerAdaptor$1$1.execute(EquinoxContainerAdaptor.java:143)
	at org.eclipse.osgi.container.ModuleContainer$ContainerStartLevel.incStartLevel(ModuleContainer.java:2093)
	at org.eclipse.osgi.container.ModuleContainer$ContainerStartLevel.incStartLevel(ModuleContainer.java:2035)
	at org.eclipse.osgi.container.ModuleContainer$ContainerStartLevel.doContainerStartLevel(ModuleContainer.java:1996)
	at org.eclipse.osgi.container.ModuleContainer$ContainerStartLevel.dispatchEvent(ModuleContainer.java:1912)
	at org.eclipse.osgi.container.ModuleContainer$ContainerStartLevel.dispatchEvent(ModuleContainer.java:1)
	at org.eclipse.osgi.framework.eventmgr.EventManager.dispatchEvent(EventManager.java:230)
	at org.eclipse.osgi.framework.eventmgr.EventManager$EventThread.run(EventManager.java:341)

!ENTRY StockServicePublisher 4 0 2025-03-15 22:19:27.089
!MESSAGE FrameworkEvent ERROR
!STACK 0
org.osgi.framework.BundleException: Could not resolve module: StockServicePublisher [14]
  Unresolved requirement: Import-Package: staffservicepublisher
    -> Export-Package: staffservicepublisher; bundle-symbolic-name="StaffServicePublisher"; bundle-version="1.0.0.qualifier"; version="0.0.0"
       StaffServicePublisher [13]
         Unresolved requirement: Import-Package: com.hospital.core.database
           -> Export-Package: com.hospital.core.database; bundle-symbolic-name="HopitalCoreDatabase"; bundle-version="1.0.0.qualifier"; version="0.0.0"
              HopitalCoreDatabase [7]
                Unresolved requirement: Import-Package: com.mysql.cj.jdbc
  Unresolved requirement: Import-Package: com.hospital.core.database
    -> Export-Package: com.hospital.core.database; bundle-symbolic-name="HopitalCoreDatabase"; bundle-version="1.0.0.qualifier"; version="0.0.0"
  Unresolved requirement: Import-Package: com.patientPublisherService
    -> Export-Package: com.patientPublisherService; bundle-symbolic-name="PatientServicePublisher"; bundle-version="1.0.0.qualifier"; version="0.0.0"
       PatientServicePublisher [10]
         Unresolved requirement: Import-Package: com.hospital.core.database
           -> Export-Package: com.hospital.core.database; bundle-symbolic-name="HopitalCoreDatabase"; bundle-version="1.0.0.qualifier"; version="0.0.0"

	at org.eclipse.osgi.container.Module.start(Module.java:493)
	at org.eclipse.osgi.container.ModuleContainer$ContainerStartLevel$2.run(ModuleContainer.java:2102)
	at org.eclipse.osgi.internal.framework.EquinoxContainerAdaptor$1$1.execute(EquinoxContainerAdaptor.java:143)
	at org.eclipse.osgi.container.ModuleContainer$ContainerStartLevel.incStartLevel(ModuleContainer.java:2093)
	at org.eclipse.osgi.container.ModuleContainer$ContainerStartLevel.incStartLevel(ModuleContainer.java:2035)
	at org.eclipse.osgi.container.ModuleContainer$ContainerStartLevel.doContainerStartLevel(ModuleContainer.java:1996)
	at org.eclipse.osgi.container.ModuleContainer$ContainerStartLevel.dispatchEvent(ModuleContainer.java:1912)
	at org.eclipse.osgi.container.ModuleContainer$ContainerStartLevel.dispatchEvent(ModuleContainer.java:1)
	at org.eclipse.osgi.framework.eventmgr.EventManager.dispatchEvent(EventManager.java:230)
	at org.eclipse.osgi.framework.eventmgr.EventManager$EventThread.run(EventManager.java:341)

!ENTRY StockShareConsumer 4 0 2025-03-15 22:19:27.095
!MESSAGE FrameworkEvent ERROR
!STACK 0
org.osgi.framework.BundleException: Could not resolve module: StockShareConsumer [15]
  Unresolved requirement: Import-Package: stockshareservicepublisher
    -> Export-Package: stockshareservicepublisher; bundle-symbolic-name="StockShareServicePublisher"; bundle-version="1.0.0.qualifier"; version="0.0.0"
       StockShareServicePublisher [16]
         Unresolved requirement: Import-Package: com.hospital.core.database
           -> Export-Package: com.hospital.core.database; bundle-symbolic-name="HopitalCoreDatabase"; bundle-version="1.0.0.qualifier"; version="0.0.0"
              HopitalCoreDatabase [7]
                Unresolved requirement: Import-Package: com.mysql.cj.jdbc
  Unresolved requirement: Import-Package: departmentservicepublisher
    -> Export-Package: departmentservicepublisher; bundle-symbolic-name="DepartmentServicePublisher"; bundle-version="1.0.0.qualifier"; version="0.0.0"
       DepartmentServicePublisher [5]
         Unresolved requirement: Import-Package: com.hospital.core.database
           -> Export-Package: com.hospital.core.database; bundle-symbolic-name="HopitalCoreDatabase"; bundle-version="1.0.0.qualifier"; version="0.0.0"
         Unresolved requirement: Import-Package: staffservicepublisher
           -> Export-Package: staffservicepublisher; bundle-symbolic-name="StaffServicePublisher"; bundle-version="1.0.0.qualifier"; version="0.0.0"
              StaffServicePublisher [13]
                Unresolved requirement: Import-Package: com.hospital.core.database
                  -> Export-Package: com.hospital.core.database; bundle-symbolic-name="HopitalCoreDatabase"; bundle-version="1.0.0.qualifier"; version="0.0.0"
  Unresolved requirement: Import-Package: stockservicepublisher
    -> Export-Package: stockservicepublisher; bundle-symbolic-name="StockServicePublisher"; bundle-version="1.0.0.qualifier"; version="0.0.0"
       StockServicePublisher [14]
         Unresolved requirement: Import-Package: com.hospital.core.database
           -> Export-Package: com.hospital.core.database; bundle-symbolic-name="HopitalCoreDatabase"; bundle-version="1.0.0.qualifier"; version="0.0.0"

	at org.eclipse.osgi.container.Module.start(Module.java:493)
	at org.eclipse.osgi.container.ModuleContainer$ContainerStartLevel$2.run(ModuleContainer.java:2102)
	at org.eclipse.osgi.internal.framework.EquinoxContainerAdaptor$1$1.execute(EquinoxContainerAdaptor.java:143)
	at org.eclipse.osgi.container.ModuleContainer$ContainerStartLevel.incStartLevel(ModuleContainer.java:2093)
	at org.eclipse.osgi.container.ModuleContainer$ContainerStartLevel.incStartLevel(ModuleContainer.java:2035)
	at org.eclipse.osgi.container.ModuleContainer$ContainerStartLevel.doContainerStartLevel(ModuleContainer.java:1996)
	at org.eclipse.osgi.container.ModuleContainer$ContainerStartLevel.dispatchEvent(ModuleContainer.java:1912)
	at org.eclipse.osgi.container.ModuleContainer$ContainerStartLevel.dispatchEvent(ModuleContainer.java:1)
	at org.eclipse.osgi.framework.eventmgr.EventManager.dispatchEvent(EventManager.java:230)
	at org.eclipse.osgi.framework.eventmgr.EventManager$EventThread.run(EventManager.java:341)

!ENTRY StockShareServicePublisher 4 0 2025-03-15 22:19:27.096
!MESSAGE FrameworkEvent ERROR
!STACK 0
org.osgi.framework.BundleException: Could not resolve module: StockShareServicePublisher [16]
  Unresolved requirement: Import-Package: com.hospital.core.database
    -> Export-Package: com.hospital.core.database; bundle-symbolic-name="HopitalCoreDatabase"; bundle-version="1.0.0.qualifier"; version="0.0.0"
       HopitalCoreDatabase [7]
         Unresolved requirement: Import-Package: com.mysql.cj.jdbc

	at org.eclipse.osgi.container.Module.start(Module.java:493)
	at org.eclipse.osgi.container.ModuleContainer$ContainerStartLevel$2.run(ModuleContainer.java:2102)
	at org.eclipse.osgi.internal.framework.EquinoxContainerAdaptor$1$1.execute(EquinoxContainerAdaptor.java:143)
	at org.eclipse.osgi.container.ModuleContainer$ContainerStartLevel.incStartLevel(ModuleContainer.java:2093)
	at org.eclipse.osgi.container.ModuleContainer$ContainerStartLevel.incStartLevel(ModuleContainer.java:2035)
	at org.eclipse.osgi.container.ModuleContainer$ContainerStartLevel.doContainerStartLevel(ModuleContainer.java:1996)
	at org.eclipse.osgi.container.ModuleContainer$ContainerStartLevel.dispatchEvent(ModuleContainer.java:1912)
	at org.eclipse.osgi.container.ModuleContainer$ContainerStartLevel.dispatchEvent(ModuleContainer.java:1)
	at org.eclipse.osgi.framework.eventmgr.EventManager.dispatchEvent(EventManager.java:230)
	at org.eclipse.osgi.framework.eventmgr.EventManager$EventThread.run(EventManager.java:341)

!ENTRY SupplierServiceConsumer 4 0 2025-03-15 22:19:27.097
!MESSAGE FrameworkEvent ERROR
!STACK 0
org.osgi.framework.BundleException: Could not resolve module: SupplierServiceConsumer [17]
  Unresolved requirement: Import-Package: supplierservicepublisher
    -> Export-Package: supplierservicepublisher; bundle-symbolic-name="SupplierServicePublisher"; bundle-version="1.0.0.qualifier"; version="0.0.0"
       SupplierServicePublisher [18]
         Unresolved requirement: Import-Package: com.hospital.core.database
           -> Export-Package: com.hospital.core.database; bundle-symbolic-name="HopitalCoreDatabase"; bundle-version="1.0.0.qualifier"; version="0.0.0"
              HopitalCoreDatabase [7]
                Unresolved requirement: Import-Package: com.mysql.cj.jdbc

	at org.eclipse.osgi.container.Module.start(Module.java:493)
	at org.eclipse.osgi.container.ModuleContainer$ContainerStartLevel$2.run(ModuleContainer.java:2102)
	at org.eclipse.osgi.internal.framework.EquinoxContainerAdaptor$1$1.execute(EquinoxContainerAdaptor.java:143)
	at org.eclipse.osgi.container.ModuleContainer$ContainerStartLevel.incStartLevel(ModuleContainer.java:2093)
	at org.eclipse.osgi.container.ModuleContainer$ContainerStartLevel.incStartLevel(ModuleContainer.java:2035)
	at org.eclipse.osgi.container.ModuleContainer$ContainerStartLevel.doContainerStartLevel(ModuleContainer.java:1996)
	at org.eclipse.osgi.container.ModuleContainer$ContainerStartLevel.dispatchEvent(ModuleContainer.java:1912)
	at org.eclipse.osgi.container.ModuleContainer$ContainerStartLevel.dispatchEvent(ModuleContainer.java:1)
	at org.eclipse.osgi.framework.eventmgr.EventManager.dispatchEvent(EventManager.java:230)
	at org.eclipse.osgi.framework.eventmgr.EventManager$EventThread.run(EventManager.java:341)

!ENTRY SupplierServicePublisher 4 0 2025-03-15 22:19:27.102
!MESSAGE FrameworkEvent ERROR
!STACK 0
org.osgi.framework.BundleException: Could not resolve module: SupplierServicePublisher [18]
  Unresolved requirement: Import-Package: com.hospital.core.database
    -> Export-Package: com.hospital.core.database; bundle-symbolic-name="HopitalCoreDatabase"; bundle-version="1.0.0.qualifier"; version="0.0.0"
       HopitalCoreDatabase [7]
         Unresolved requirement: Import-Package: com.mysql.cj.jdbc

	at org.eclipse.osgi.container.Module.start(Module.java:493)
	at org.eclipse.osgi.container.ModuleContainer$ContainerStartLevel$2.run(ModuleContainer.java:2102)
	at org.eclipse.osgi.internal.framework.EquinoxContainerAdaptor$1$1.execute(EquinoxContainerAdaptor.java:143)
	at org.eclipse.osgi.container.ModuleContainer$ContainerStartLevel.incStartLevel(ModuleContainer.java:2093)
	at org.eclipse.osgi.container.ModuleContainer$ContainerStartLevel.incStartLevel(ModuleContainer.java:2035)
	at org.eclipse.osgi.container.ModuleContainer$ContainerStartLevel.doContainerStartLevel(ModuleContainer.java:1996)
	at org.eclipse.osgi.container.ModuleContainer$ContainerStartLevel.dispatchEvent(ModuleContainer.java:1912)
	at org.eclipse.osgi.container.ModuleContainer$ContainerStartLevel.dispatchEvent(ModuleContainer.java:1)
	at org.eclipse.osgi.framework.eventmgr.EventManager.dispatchEvent(EventManager.java:230)
	at org.eclipse.osgi.framework.eventmgr.EventManager$EventThread.run(EventManager.java:341)

!ENTRY VitalsServicePublisher 4 0 2025-03-15 22:19:27.103
!MESSAGE FrameworkEvent ERROR
!STACK 0
org.osgi.framework.BundleException: Could not resolve module: VitalsServicePublisher [19]
  Unresolved requirement: Import-Package: com.hospital.core.database
    -> Export-Package: com.hospital.core.database; bundle-symbolic-name="HopitalCoreDatabase"; bundle-version="1.0.0.qualifier"; version="0.0.0"
       HopitalCoreDatabase [7]
         Unresolved requirement: Import-Package: com.mysql.cj.jdbc

	at org.eclipse.osgi.container.Module.start(Module.java:493)
	at org.eclipse.osgi.container.ModuleContainer$ContainerStartLevel$2.run(ModuleContainer.java:2102)
	at org.eclipse.osgi.internal.framework.EquinoxContainerAdaptor$1$1.execute(EquinoxContainerAdaptor.java:143)
	at org.eclipse.osgi.container.ModuleContainer$ContainerStartLevel.incStartLevel(ModuleContainer.java:2093)
	at org.eclipse.osgi.container.ModuleContainer$ContainerStartLevel.incStartLevel(ModuleContainer.java:2035)
	at org.eclipse.osgi.container.ModuleContainer$ContainerStartLevel.doContainerStartLevel(ModuleContainer.java:1996)
	at org.eclipse.osgi.container.ModuleContainer$ContainerStartLevel.dispatchEvent(ModuleContainer.java:1912)
	at org.eclipse.osgi.container.ModuleContainer$ContainerStartLevel.dispatchEvent(ModuleContainer.java:1)
	at org.eclipse.osgi.framework.eventmgr.EventManager.dispatchEvent(EventManager.java:230)
	at org.eclipse.osgi.framework.eventmgr.EventManager$EventThread.run(EventManager.java:341)
